Build started 12/26/2018 11:11:57 AM.
     1>Project "D:\Uni\Second Year\Data Strucure\Project\final mini\miniWasalni\miniWasalni\miniWasalni.vcxproj" on node 2 (Build target(s)).
     1>ClCompile:
         C:\Program Files (x86)\Microsoft Visual Studio 12.0\VC\bin\CL.exe /c /AI"C:\Program Files (x86)\Reference Assemblies\Microsoft\Framework\.NETFramework\v4.5\\" /AI"C:\Program Files (x86)\Windows Kits\8.1\References\CommonConfiguration\Neutral" /AI"C:\Program Files (x86)\Reference Assemblies\Microsoft\Framework\.NETFramework\v4.5\Facades\\" /Zi /clr /nologo /W3 /WX- /Od /Oy- /D WIN32 /D _DEBUG /D _UNICODE /D UNICODE /EHa /MDd /GS /fp:precise /Zc:wchar_t /Zc:forScope /Fo"Debug\\" /Fd"Debug\vc120.pdb" /TP /FUC:\WINDOWS\assembly\GAC_MSIL\Microsoft.ReportViewer.Common\11.0.0.0__89845dcd8080cc91\Microsoft.ReportViewer.Common.dll /FUC:\WINDOWS\assembly\GAC_MSIL\Microsoft.ReportViewer.WinForms\11.0.0.0__89845dcd8080cc91\Microsoft.ReportViewer.WinForms.dll /FU"C:\Program Files (x86)\Reference Assemblies\Microsoft\Framework\.NETFramework\v4.5\mscorlib.dll" /FU"C:\Program Files (x86)\Reference Assemblies\Microsoft\Framework\.NETFramework\v4.5\System.Core.dll" /FU"C:\Program Files (x86)\Reference Assemblies\Microsoft\Framework\.NETFramework\v4.5\System.Data.dll" /FU"C:\Program Files (x86)\Reference Assemblies\Microsoft\Framework\.NETFramework\v4.5\System.dll" /FU"C:\Program Files (x86)\Reference Assemblies\Microsoft\Framework\.NETFramework\v4.5\System.Drawing.dll" /FU"C:\Program Files (x86)\Reference Assemblies\Microsoft\Framework\.NETFramework\v4.5\System.Web.Services.dll" /FU"C:\Program Files (x86)\Reference Assemblies\Microsoft\Framework\.NETFramework\v4.5\System.Windows.Forms.DataVisualization.dll" /FU"C:\Program Files (x86)\Reference Assemblies\Microsoft\Framework\.NETFramework\v4.5\System.Windows.Forms.dll" /FU"C:\Program Files (x86)\Reference Assemblies\Microsoft\Framework\.NETFramework\v4.5\System.Xml.dll" /analyze- /errorReport:prompt /clr:nostdlib MyForm.cpp
         MyForm.cpp
     1>d:\uni\second year\data strucure\project\final mini\miniwasalni\miniwasalni\graph.h(267): warning C4018: '<' : signed/unsigned mismatch
     1>d:\uni\second year\data strucure\project\final mini\miniwasalni\miniwasalni\graph.h(279): warning C4018: '<' : signed/unsigned mismatch
     1>d:\uni\second year\data strucure\project\final mini\miniwasalni\miniwasalni\MyForm.h(1540): warning C4018: '<' : signed/unsigned mismatch
     1>d:\uni\second year\data strucure\project\final mini\miniwasalni\miniwasalni\MyForm.h(1623): warning C4018: '<' : signed/unsigned mismatch
     1>d:\uni\second year\data strucure\project\final mini\miniwasalni\miniwasalni\MyForm.h(1628): warning C4018: '<' : signed/unsigned mismatch
     1>d:\uni\second year\data strucure\project\final mini\miniwasalni\miniwasalni\MyForm.h(1630): warning C4018: '<' : signed/unsigned mismatch
     1>d:\uni\second year\data strucure\project\final mini\miniwasalni\miniwasalni\MyForm.h(1635): warning C4018: '<' : signed/unsigned mismatch
     1>MyForm.cpp(7): warning C4829: Possibly incorrect parameters to function main. Consider 'int main(Platform::Array<Platform::String^>^ argv)'
       Link:
         C:\Program Files (x86)\Microsoft Visual Studio 12.0\VC\bin\link.exe /ERRORREPORT:PROMPT /OUT:"D:\Uni\Second Year\Data Strucure\Project\final mini\miniWasalni\Debug\miniWasalni.exe" /INCREMENTAL /NOLOGO /ASSEMBLYRESOURCE:Debug\miniWasalni.MyForm.resources /MANIFEST /MANIFESTUAC:"level='asInvoker' uiAccess='false'" /manifest:embed /DEBUG /PDB:"D:\Uni\Second Year\Data Strucure\Project\final mini\miniWasalni\Debug\miniWasalni.pdb" /ASSEMBLYDEBUG /SUBSYSTEM:WINDOWS /TLBID:1 /ENTRY:"main" /DYNAMICBASE /FIXED:NO /NXCOMPAT /MACHINE:X86 Debug\graph.obj
         Debug\MyForm.obj
         "Debug\.NETFramework,Version=v4.5.AssemblyAttributes.obj"
         miniWasalni.vcxproj -> D:\Uni\Second Year\Data Strucure\Project\final mini\miniWasalni\Debug\miniWasalni.exe
     1>Done Building Project "D:\Uni\Second Year\Data Strucure\Project\final mini\miniWasalni\miniWasalni\miniWasalni.vcxproj" (Build target(s)).

Build succeeded.

Time Elapsed 00:00:07.70
